[2016-10-03 23:14:17] production.ERROR: exception 'PDOException' with message 'SQLSTATE[HY000] [1044] Access denied for user ''@'localhost' to database 'forge'' in C:\xampp\htdocs\swewiki\api\vendor\laravel\framework\src\Illuminate\Database\Connectors\Connector.php:47
Stack trace:
#0 C:\xampp\htdocs\swewiki\api\vendor\laravel\framework\src\Illuminate\Database\Connectors\Connector.php(47): PDO->__construct('mysql:host=loca...', 'forge', '', Array)
#1 C:\xampp\htdocs\swewiki\api\vendor\laravel\framework\src\Illuminate\Database\Connectors\MySqlConnector.php(20): Illuminate\Database\Connectors\Connector->createConnection('mysql:host=loca...', Array, Array)
#2 C:\xampp\htdocs\swewiki\api\vendor\compiled.php(10673): Illuminate\Database\Connectors\MySqlConnector->connect(Array)
#3 C:\xampp\htdocs\swewiki\api\vendor\compiled.php(10669): Illuminate\Database\Connectors\ConnectionFactory->createSingleConnection(Array)
#4 C:\xampp\htdocs\swewiki\api\vendor\compiled.php(10587): Illuminate\Database\Connectors\ConnectionFactory->make(Array, 'mysql')
#5 C:\xampp\htdocs\swewiki\api\vendor\compiled.php(10542): Illuminate\Database\DatabaseManager->makeConnection('mysql')
#6 C:\xampp\htdocs\swewiki\api\vendor\laravel\framework\src\Illuminate\Database\Migrations\DatabaseMigrationRepository.php(167): Illuminate\Database\DatabaseManager->connection(NULL)
#7 C:\xampp\htdocs\swewiki\api\vendor\laravel\framework\src\Illuminate\Database\Migrations\DatabaseMigrationRepository.php(135): Illuminate\Database\Migrations\DatabaseMigrationRepository->getConnection()
#8 C:\xampp\htdocs\swewiki\api\vendor\laravel\framework\src\Illuminate\Database\Migrations\Migrator.php(371): Illuminate\Database\Migrations\DatabaseMigrationRepository->repositoryExists()
#9 C:\xampp\htdocs\swewiki\api\vendor\laravel\framework\src\Illuminate\Database\Console\Migrations\MigrateCommand.php(101): Illuminate\Database\Migrations\Migrator->repositoryExists()
#10 C:\xampp\htdocs\swewiki\api\vendor\laravel\framework\src\Illuminate\Database\Console\Migrations\MigrateCommand.php(54): Illuminate\Database\Console\Migrations\MigrateCommand->prepareDatabase()
#11 [internal function]: Illuminate\Database\Console\Migrations\MigrateCommand->fire()
#12 C:\xampp\htdocs\swewiki\api\vendor\compiled.php(925): call_user_func_array(Array, Array)
#13 C:\xampp\htdocs\swewiki\api\vendor\laravel\framework\src\Illuminate\Console\Command.php(115): Illuminate\Container\Container->call(Array)
#14 C:\xampp\htdocs\swewiki\api\vendor\symfony\console\Symfony\Component\Console\Command\Command.php(253): Illuminate\Console\Command->execute(Object(Symfony\Component\Console\Input\ArgvInput), Object(Symfony\Component\Console\Output\ConsoleOutput))
#15 C:\xampp\htdocs\swewiki\api\vendor\laravel\framework\src\Illuminate\Console\Command.php(101): Symfony\Component\Console\Command\Command->run(Object(Symfony\Component\Console\Input\ArgvInput), Object(Symfony\Component\Console\Output\ConsoleOutput))
#16 C:\xampp\htdocs\swewiki\api\vendor\symfony\console\Symfony\Component\Console\Application.php(874): Illuminate\Console\Command->run(Object(Symfony\Component\Console\Input\ArgvInput), Object(Symfony\Component\Console\Output\ConsoleOutput))
#17 C:\xampp\htdocs\swewiki\api\vendor\symfony\console\Symfony\Component\Console\Application.php(195): Symfony\Component\Console\Application->doRunCommand(Object(Illuminate\Database\Console\Migrations\MigrateCommand), Object(Symfony\Component\Console\Input\ArgvInput), Object(Symfony\Component\Console\Output\ConsoleOutput))
#18 C:\xampp\htdocs\swewiki\api\vendor\symfony\console\Symfony\Component\Console\Application.php(126): Symfony\Component\Console\Application->doRun(Object(Symfony\Component\Console\Input\ArgvInput), Object(Symfony\Component\Console\Output\ConsoleOutput))
#19 C:\xampp\htdocs\swewiki\api\vendor\laravel\framework\src\Illuminate\Foundation\Console\Kernel.php(90): Symfony\Component\Console\Application->run(Object(Symfony\Component\Console\Input\ArgvInput), Object(Symfony\Component\Console\Output\ConsoleOutput))
#20 C:\xampp\htdocs\swewiki\api\artisan(36): Illuminate\Foundation\Console\Kernel->handle(Object(Symfony\Component\Console\Input\ArgvInput), Object(Symfony\Component\Console\Output\ConsoleOutput))
#21 {main}  
[2016-10-03 23:14:18] production.ERROR: exception 'PDOException' with message 'SQLSTATE[HY000] [1044] Access denied for user ''@'localhost' to database 'forge'' in C:\xampp\htdocs\swewiki\api\vendor\laravel\framework\src\Illuminate\Database\Connectors\Connector.php:47
Stack trace:
#0 C:\xampp\htdocs\swewiki\api\vendor\laravel\framework\src\Illuminate\Database\Connectors\Connector.php(47): PDO->__construct('mysql:host=loca...', 'forge', '', Array)
#1 C:\xampp\htdocs\swewiki\api\vendor\laravel\framework\src\Illuminate\Database\Connectors\MySqlConnector.php(20): Illuminate\Database\Connectors\Connector->createConnection('mysql:host=loca...', Array, Array)
#2 C:\xampp\htdocs\swewiki\api\vendor\compiled.php(10673): Illuminate\Database\Connectors\MySqlConnector->connect(Array)
#3 C:\xampp\htdocs\swewiki\api\vendor\compiled.php(10669): Illuminate\Database\Connectors\ConnectionFactory->createSingleConnection(Array)
#4 C:\xampp\htdocs\swewiki\api\vendor\compiled.php(10587): Illuminate\Database\Connectors\ConnectionFactory->make(Array, 'mysql')
#5 C:\xampp\htdocs\swewiki\api\vendor\compiled.php(10542): Illuminate\Database\DatabaseManager->makeConnection('mysql')
#6 C:\xampp\htdocs\swewiki\api\vendor\compiled.php(10434): Illuminate\Database\DatabaseManager->connection(NULL)
#7 C:\xampp\htdocs\swewiki\api\vendor\compiled.php(10421): Illuminate\Database\Eloquent\Model::resolveConnection(NULL)
#8 C:\xampp\htdocs\swewiki\api\vendor\compiled.php(9921): Illuminate\Database\Eloquent\Model->getConnection()
#9 C:\xampp\htdocs\swewiki\api\vendor\compiled.php(9898): Illuminate\Database\Eloquent\Model->newBaseQueryBuilder()
#10 C:\xampp\htdocs\swewiki\api\vendor\compiled.php(9747): Illuminate\Database\Eloquent\Model->newQueryWithoutScopes()
#11 C:\xampp\htdocs\swewiki\api\vendor\compiled.php(9394): Illuminate\Database\Eloquent\Model->save()
#12 C:\xampp\htdocs\swewiki\api\database\seeds\DatabaseSeeder.php(35): Illuminate\Database\Eloquent\Model::create(Array)
#13 C:\xampp\htdocs\swewiki\api\vendor\laravel\framework\src\Illuminate\Database\Seeder.php(37): RoleTableSeeder->run()
#14 C:\xampp\htdocs\swewiki\api\database\seeds\DatabaseSeeder.php(19): Illuminate\Database\Seeder->call('RoleTableSeeder')
#15 C:\xampp\htdocs\swewiki\api\vendor\laravel\framework\src\Illuminate\Database\Console\SeedCommand.php(57): DatabaseSeeder->run()
#16 [internal function]: Illuminate\Database\Console\SeedCommand->fire()
#17 C:\xampp\htdocs\swewiki\api\vendor\compiled.php(925): call_user_func_array(Array, Array)
#18 C:\xampp\htdocs\swewiki\api\vendor\laravel\framework\src\Illuminate\Console\Command.php(115): Illuminate\Container\Container->call(Array)
#19 C:\xampp\htdocs\swewiki\api\vendor\symfony\console\Symfony\Component\Console\Command\Command.php(253): Illuminate\Console\Command->execute(Object(Symfony\Component\Console\Input\ArgvInput), Object(Symfony\Component\Console\Output\ConsoleOutput))
#20 C:\xampp\htdocs\swewiki\api\vendor\laravel\framework\src\Illuminate\Console\Command.php(101): Symfony\Component\Console\Command\Command->run(Object(Symfony\Component\Console\Input\ArgvInput), Object(Symfony\Component\Console\Output\ConsoleOutput))
#21 C:\xampp\htdocs\swewiki\api\vendor\symfony\console\Symfony\Component\Console\Application.php(874): Illuminate\Console\Command->run(Object(Symfony\Component\Console\Input\ArgvInput), Object(Symfony\Component\Console\Output\ConsoleOutput))
#22 C:\xampp\htdocs\swewiki\api\vendor\symfony\console\Symfony\Component\Console\Application.php(195): Symfony\Component\Console\Application->doRunCommand(Object(Illuminate\Database\Console\SeedCommand), Object(Symfony\Component\Console\Input\ArgvInput), Object(Symfony\Component\Console\Output\ConsoleOutput))
#23 C:\xampp\htdocs\swewiki\api\vendor\symfony\console\Symfony\Component\Console\Application.php(126): Symfony\Component\Console\Application->doRun(Object(Symfony\Component\Console\Input\ArgvInput), Object(Symfony\Component\Console\Output\ConsoleOutput))
#24 C:\xampp\htdocs\swewiki\api\vendor\laravel\framework\src\Illuminate\Foundation\Console\Kernel.php(90): Symfony\Component\Console\Application->run(Object(Symfony\Component\Console\Input\ArgvInput), Object(Symfony\Component\Console\Output\ConsoleOutput))
#25 C:\xampp\htdocs\swewiki\api\artisan(36): Illuminate\Foundation\Console\Kernel->handle(Object(Symfony\Component\Console\Input\ArgvInput), Object(Symfony\Component\Console\Output\ConsoleOutput))
#26 {main}  
