[2016-03-21 10:07:34] local.ERROR: exception 'Symfony\Component\Debug\Exception\FatalErrorException' with message 'Class 'Role' not found' in C:\xampp\htdocs\cookiecutter\api\database\seeds\DatabaseSeeder.php:33
Stack trace:
#0 {main}  
[2016-03-21 10:12:37] local.ERROR: exception 'Symfony\Component\Debug\Exception\FatalErrorException' with message 'syntax error, unexpected ')'' in C:\xampp\htdocs\cookiecutter\api\app\Http\Controllers\CommonController.php:18
Stack trace:
#0 {main}  
[2016-03-21 12:21:09] local.ERROR: exception 'BadMethodCallException' with message 'Call to undefined method Illuminate\Database\Query\Builder::users()' in C:\xampp\htdocs\cookiecutter\api\vendor\laravel\framework\src\Illuminate\Database\Query\Builder.php:1992
Stack trace:
#0 [internal function]: Illuminate\Database\Query\Builder->__call('users', Array)
#1 [internal function]: Illuminate\Database\Query\Builder->users()
#2 C:\xampp\htdocs\cookiecutter\api\vendor\laravel\framework\src\Illuminate\Database\Eloquent\Builder.php(933): call_user_func_array(Array, Array)
#3 [internal function]: Illuminate\Database\Eloquent\Builder->__call('users', Array)
#4 [internal function]: Illuminate\Database\Eloquent\Builder->users()
#5 C:\xampp\htdocs\cookiecutter\api\vendor\compiled.php(10506): call_user_func_array(Array, Array)
#6 C:\xampp\htdocs\cookiecutter\api\vendor\laravel\framework\src\Illuminate\Database\Eloquent\Builder.php(724): Illuminate\Database\Eloquent\Model->__call('users', Array)
#7 C:\xampp\htdocs\cookiecutter\api\vendor\laravel\framework\src\Illuminate\Database\Eloquent\Builder.php(724): App\Session->users()
#8 [internal function]: Illuminate\Database\Eloquent\Builder->Illuminate\Database\Eloquent\{closure}()
#9 C:\xampp\htdocs\cookiecutter\api\vendor\laravel\framework\src\Illuminate\Database\Eloquent\Relations\Relation.php(160): call_user_func(Object(Closure))
#10 C:\xampp\htdocs\cookiecutter\api\vendor\laravel\framework\src\Illuminate\Database\Eloquent\Builder.php(725): Illuminate\Database\Eloquent\Relations\Relation::noConstraints(Object(Closure))
#11 C:\xampp\htdocs\cookiecutter\api\vendor\laravel\framework\src\Illuminate\Database\Eloquent\Builder.php(562): Illuminate\Database\Eloquent\Builder->getHasRelationQuery('users')
#12 C:\xampp\htdocs\cookiecutter\api\vendor\laravel\framework\src\Illuminate\Database\Eloquent\Builder.php(627): Illuminate\Database\Eloquent\Builder->has('users', '>=', 1, 'and', Object(Closure))
#13 C:\xampp\htdocs\cookiecutter\api\app\Http\Controllers\CommonController.php(50): Illuminate\Database\Eloquent\Builder->whereHas('users', Object(Closure))
#14 [internal function]: App\Http\Controllers\CommonController->checkuser()
#15 C:\xampp\htdocs\cookiecutter\api\vendor\compiled.php(8287): call_user_func_array(Array, Array)
#16 C:\xampp\htdocs\cookiecutter\api\vendor\compiled.php(8354): Illuminate\Routing\Controller->callAction('checkuser', Array)
#17 C:\xampp\htdocs\cookiecutter\api\vendor\compiled.php(8333): Illuminate\Routing\ControllerDispatcher->call(Object(App\Http\Controllers\CommonController), Object(Illuminate\Routing\Route), 'checkuser')
#18 [internal function]: Illuminate\Routing\ControllerDispatcher->Illuminate\Routing\{closure}(Object(Illuminate\Http\Request))
#19 C:\xampp\htdocs\cookiecutter\api\vendor\compiled.php(8952): call_user_func(Object(Closure), Object(Illuminate\Http\Request))
#20 [internal function]: Illuminate\Pipeline\Pipeline->Illuminate\Pipeline\{closure}(Object(Illuminate\Http\Request))
#21 C:\xampp\htdocs\cookiecutter\api\vendor\compiled.php(8935): call_user_func(Object(Closure), Object(Illuminate\Http\Request))
#22 C:\xampp\htdocs\cookiecutter\api\vendor\compiled.php(8334): Illuminate\Pipeline\Pipeline->then(Object(Closure))
#23 C:\xampp\htdocs\cookiecutter\api\vendor\compiled.php(8320): Illuminate\Routing\ControllerDispatcher->callWithinStack(Object(App\Http\Controllers\CommonController), Object(Illuminate\Routing\Route), Object(Illuminate\Http\Request), 'checkuser')
#24 C:\xampp\htdocs\cookiecutter\api\vendor\compiled.php(7317): Illuminate\Routing\ControllerDispatcher->dispatch(Object(Illuminate\Routing\Route), Object(Illuminate\Http\Request), 'App\\Http\\Contro...', 'checkuser')
#25 C:\xampp\htdocs\cookiecutter\api\vendor\compiled.php(7288): Illuminate\Routing\Route->runWithCustomDispatcher(Object(Illuminate\Http\Request))
#26 C:\xampp\htdocs\cookiecutter\api\vendor\compiled.php(6954): Illuminate\Routing\Route->run(Object(Illuminate\Http\Request))
#27 [internal function]: Illuminate\Routing\Router->Illuminate\Routing\{closure}(Object(Illuminate\Http\Request))
#28 C:\xampp\htdocs\cookiecutter\api\vendor\compiled.php(8952): call_user_func(Object(Closure), Object(Illuminate\Http\Request))
#29 C:\xampp\htdocs\cookiecutter\api\app\Http\Middleware\Auth.php(39): Illuminate\Pipeline\Pipeline->Illuminate\Pipeline\{closure}(Object(Illuminate\Http\Request))
#30 C:\xampp\htdocs\cookiecutter\api\vendor\compiled.php(8944): App\Http\Middleware\Auth->handle(Object(Illuminate\Http\Request), Object(Closure))
#31 [internal function]: Illuminate\Pipeline\Pipeline->Illuminate\Pipeline\{closure}(Object(Illuminate\Http\Request))
#32 C:\xampp\htdocs\cookiecutter\api\vendor\compiled.php(8935): call_user_func(Object(Closure), Object(Illuminate\Http\Request))
#33 C:\xampp\htdocs\cookiecutter\api\vendor\compiled.php(6955): Illuminate\Pipeline\Pipeline->then(Object(Closure))
#34 C:\xampp\htdocs\cookiecutter\api\vendor\compiled.php(6944): Illuminate\Routing\Router->runRouteWithinStack(Object(Illuminate\Routing\Route), Object(Illuminate\Http\Request))
#35 C:\xampp\htdocs\cookiecutter\api\vendor\compiled.php(6929): Illuminate\Routing\Router->dispatchToRoute(Object(Illuminate\Http\Request))
#36 C:\xampp\htdocs\cookiecutter\api\vendor\compiled.php(1935): Illuminate\Routing\Router->dispatch(Object(Illuminate\Http\Request))
#37 [internal function]: Illuminate\Foundation\Http\Kernel->Illuminate\Foundation\Http\{closure}(Object(Illuminate\Http\Request))
#38 C:\xampp\htdocs\cookiecutter\api\vendor\compiled.php(8952): call_user_func(Object(Closure), Object(Illuminate\Http\Request))
#39 C:\xampp\htdocs\cookiecutter\api\app\Http\Middleware\VerifyCsrfToken.php(18): Illuminate\Pipeline\Pipeline->Illuminate\Pipeline\{closure}(Object(Illuminate\Http\Request))
#40 C:\xampp\htdocs\cookiecutter\api\vendor\compiled.php(8944): App\Http\Middleware\VerifyCsrfToken->handle(Object(Illuminate\Http\Request), Object(Closure))
#41 C:\xampp\htdocs\cookiecutter\api\vendor\compiled.php(12083): Illuminate\Pipeline\Pipeline->Illuminate\Pipeline\{closure}(Object(Illuminate\Http\Request))
#42 C:\xampp\htdocs\cookiecutter\api\vendor\compiled.php(8944): Illuminate\View\Middleware\ShareErrorsFromSession->handle(Object(Illuminate\Http\Request), Object(Closure))
#43 C:\xampp\htdocs\cookiecutter\api\vendor\compiled.php(10785): Illuminate\Pipeline\Pipeline->Illuminate\Pipeline\{closure}(Object(Illuminate\Http\Request))
#44 C:\xampp\htdocs\cookiecutter\api\vendor\compiled.php(8944): Illuminate\Session\Middleware\StartSession->handle(Object(Illuminate\Http\Request), Object(Closure))
#45 C:\xampp\htdocs\cookiecutter\api\vendor\compiled.php(11789): Illuminate\Pipeline\Pipeline->Illuminate\Pipeline\{closure}(Object(Illuminate\Http\Request))
#46 C:\xampp\htdocs\cookiecutter\api\vendor\compiled.php(8944): Illuminate\Cookie\Middleware\AddQueuedCookiesToResponse->handle(Object(Illuminate\Http\Request), Object(Closure))
#47 C:\xampp\htdocs\cookiecutter\api\vendor\compiled.php(11738): Illuminate\Pipeline\Pipeline->Illuminate\Pipeline\{closure}(Object(Illuminate\Http\Request))
#48 C:\xampp\htdocs\cookiecutter\api\vendor\compiled.php(8944): Illuminate\Cookie\Middleware\EncryptCookies->handle(Object(Illuminate\Http\Request), Object(Closure))
#49 C:\xampp\htdocs\cookiecutter\api\vendor\compiled.php(2478): Illuminate\Pipeline\Pipeline->Illuminate\Pipeline\{closure}(Object(Illuminate\Http\Request))
#50 C:\xampp\htdocs\cookiecutter\api\vendor\compiled.php(8944): Illuminate\Foundation\Http\Middleware\CheckForMaintenanceMode->handle(Object(Illuminate\Http\Request), Object(Closure))
#51 [internal function]: Illuminate\Pipeline\Pipeline->Illuminate\Pipeline\{closure}(Object(Illuminate\Http\Request))
#52 C:\xampp\htdocs\cookiecutter\api\vendor\compiled.php(8935): call_user_func(Object(Closure), Object(Illuminate\Http\Request))
#53 C:\xampp\htdocs\cookiecutter\api\vendor\compiled.php(1891): Illuminate\Pipeline\Pipeline->then(Object(Closure))
#54 C:\xampp\htdocs\cookiecutter\api\vendor\compiled.php(1880): Illuminate\Foundation\Http\Kernel->sendRequestThroughRouter(Object(Illuminate\Http\Request))
#55 C:\xampp\htdocs\cookiecutter\api\public\index.php(53): Illuminate\Foundation\Http\Kernel->handle(Object(Illuminate\Http\Request))
#56 {main}  
